#
# There is insufficient memory for the Java Runtime Environment to continue.
# Native memory allocation (mmap) failed to map 264241152 bytes for G1 virtual space
# Possible reasons:
#   The system is out of physical RAM or swap space
#   The process is running with CompressedOops enabled, and the Java Heap may be blocking the growth of the native heap
# Possible solutions:
#   Reduce memory load on the system
#   Increase physical memory or swap space
#   Check if swap backing store is full
#   Decrease Java heap size (-Xmx/-Xms)
#   Decrease number of Java threads
#   Decrease Java thread stack sizes (-Xss)
#   Set larger code cache with -XX:ReservedCodeCacheSize=
#   JVM is running with Zero Based Compressed Oops mode in which the Java heap is
#     placed in the first 32GB address space. The Java Heap base address is the
#     maximum limit for the native heap growth. Please use -XX:HeapBaseMinAddress
#     to set the Java Heap base and to place the Java Heap above 32GB virtual address.
# This output file may be truncated or incomplete.
#
#  Out of Memory Error (os_windows.cpp:3469), pid=29092, tid=28296
#
# JRE version:  (17.0.1+12) (build )
# Java VM: OpenJDK 64-Bit Server VM (17.0.1+12-39, mixed mode, sharing, tiered, compressed oops, compressed class ptrs, g1 gc, windows-amd64)
# No core dump will be written. Minidumps are not enabled by default on client versions of Windows
#

---------------  S U M M A R Y ------------

Command Line: -Dmaven.multiModuleProjectDirectory=D:\work\Java\huihuacundang -Dmaven.home=D:\Program Files\JetBrains\IntelliJ IDEA 2021.3\plugins\maven\lib\maven3 -Dclassworlds.conf=D:\Program Files\JetBrains\IntelliJ IDEA 2021.3\plugins\maven\lib\maven3\bin\m2.conf -Dmaven.ext.class.path=D:\Program Files\JetBrains\IntelliJ IDEA 2021.3\plugins\maven\lib\maven-event-listener.jar -javaagent:D:\Program Files\JetBrains\IntelliJ IDEA 2021.3\lib\idea_rt.jar=49721:D:\Program Files\JetBrains\IntelliJ IDEA 2021.3\bin -Dfile.encoding=UTF-8 org.codehaus.classworlds.Launcher -Didea.version=2021.3 --update-snapshots -Dmaven.repo.local=e:\Users\myl86\.m2\repository install

Host: 11th Gen Intel(R) Core(TM) i5-1135G7 @ 2.40GHz, 8 cores, 15G,  Windows 10 , 64 bit Build 19041 (10.0.19041.1348)
Time: Thu Dec 30 10:52:14 2021  Windows 10 , 64 bit Build 19041 (10.0.19041.1348) elapsed time: 0.009342 seconds (0d 0h 0m 0s)

---------------  T H R E A D  ---------------

Current thread (0x000001a9fd5ff8f0):  JavaThread "Unknown thread" [_thread_in_vm, id=28296, stack(0x0000009121800000,0x0000009121900000)]

Stack: [0x0000009121800000,0x0000009121900000]
Native frames: (J=compiled Java code, j=interpreted, Vv=VM code, C=native code)
V  [jvm.dll+0x66fa1a]
V  [jvm.dll+0x7ce5a4]
V  [jvm.dll+0x7cfd4e]
V  [jvm.dll+0x7d03b3]
V  [jvm.dll+0x242b05]
V  [jvm.dll+0x66ca39]
V  [jvm.dll+0x661502]
V  [jvm.dll+0x30081b]
V  [jvm.dll+0x307da6]
V  [jvm.dll+0x357a1e]
V  [jvm.dll+0x357c4f]
V  [jvm.dll+0x2d7ad8]
V  [jvm.dll+0x2d8a44]
V  [jvm.dll+0x7a01e1]
V  [jvm.dll+0x365791]
V  [jvm.dll+0x77f6cc]
V  [jvm.dll+0x3e812f]
V  [jvm.dll+0x3e9bd1]
C  [jli.dll+0x527b]
C  [ucrtbase.dll+0x21bb2]
C  [KERNEL32.DLL+0x17034]
C  [ntdll.dll+0x52651]


---------------  P R O C E S S  ---------------

Threads class SMR info:
_java_thread_list=0x00007ffdd1737818, length=0, elements={
}

Java Threads: ( => current thread )

Other Threads:
  0x000001a9fd64fb50 GCTaskThread "GC Thread#0" [stack: 0x0000009121900000,0x0000009121a00000] [id=416]
  0x000001a9fd660650 ConcurrentGCThread "G1 Main Marker" [stack: 0x0000009121a00000,0x0000009121b00000] [id=25876]
  0x000001a9fd661060 ConcurrentGCThread "G1 Conc#0" [stack: 0x0000009121b00000,0x0000009121c00000] [id=15712]

[error occurred during error reporting (printing all threads), id 0xc0000005, EXCEPTION_ACCESS_VIOLATION (0xc0000005) at pc=0x00007ffdd0f884b7]

VM state: not at safepoint (not fully initialized)

VM Mutex/Monitor currently owned by a thread:  ([mutex/lock_event])
[0x000001a9fd5fa710] Heap_lock - owner thread: 0x000001a9fd5ff8f0

Heap address: 0x0000000704400000, size: 4028 MB, Compressed Oops mode: Zero based, Oop shift amount: 3

CDS archive(s) mapped at: [0x0000000000000000-0x0000000000000000-0x0000000000000000), size 0, SharedBaseAddress: 0x0000000800000000, ArchiveRelocationMode: 0.
Narrow klass base: 0x0000000000000000, Narrow klass shift: 0, Narrow klass range: 0x0

GC Precious Log:
<Empty>

Heap:
 garbage-first heap   total 0K, used 0K [0x0000000704400000, 0x0000000800000000)
  region size 2048K, 0 young (0K), 0 survivors (0K)

[error occurred during error reporting (printing heap information), id 0xc0000005, EXCEPTION_ACCESS_VIOLATION (0xc0000005) at pc=0x00007ffdd1368d89]

GC Heap History (0 events):
No events

Deoptimization events (0 events):
No events

Classes unloaded (0 events):
No events

Classes redefined (0 events):
No events

Internal exceptions (0 events):
No events

VM Operations (0 events):
No events

Events (1 events):
Event: 0.004 Loaded shared library C:\Users\myl86\.jdks\openjdk-17.0.1\bin\java.dll


Dynamic libraries:
0x00007ff6c3ed0000 - 0x00007ff6c3ede000 	C:\Users\myl86\.jdks\openjdk-17.0.1\bin\java.exe
0x00007ffe12030000 - 0x00007ffe12225000 	C:\Windows\SYSTEM32\ntdll.dll
0x00007ffe10540000 - 0x00007ffe105fe000 	C:\Windows\System32\KERNEL32.DLL
0x00007ffe0f7a0000 - 0x00007ffe0fa68000 	C:\Windows\System32\KERNELBASE.dll
0x00007ffe0fb00000 - 0x00007ffe0fc00000 	C:\Windows\System32\ucrtbase.dll
0x00007ffdf7f50000 - 0x00007ffdf7f6a000 	C:\Users\myl86\.jdks\openjdk-17.0.1\bin\VCRUNTIME140.dll
0x00007ffdec1f0000 - 0x00007ffdec208000 	C:\Users\myl86\.jdks\openjdk-17.0.1\bin\jli.dll
0x00007ffe111d0000 - 0x00007ffe11371000 	C:\Windows\System32\USER32.dll
0x00007ffe0ffa0000 - 0x00007ffe0ffc2000 	C:\Windows\System32\win32u.dll
0x00007ffdf9940000 - 0x00007ffdf9bda000 	C:\Windows\WinSxS\amd64_microsoft.windows.common-controls_6595b64144ccf1df_6.0.19041.1110_none_60b5254171f9507e\COMCTL32.dll
0x00007ffe11520000 - 0x00007ffe1154b000 	C:\Windows\System32\GDI32.dll
0x00007ffe104a0000 - 0x00007ffe1053e000 	C:\Windows\System32\msvcrt.dll
0x00007ffe0fde0000 - 0x00007ffe0feed000 	C:\Windows\System32\gdi32full.dll
0x00007ffe0ffd0000 - 0x00007ffe1006d000 	C:\Windows\System32\msvcp_win.dll
0x00007ffe11fc0000 - 0x00007ffe11ff0000 	C:\Windows\System32\IMM32.DLL
0x00007ffdf2d20000 - 0x00007ffdf2d2c000 	C:\Users\myl86\.jdks\openjdk-17.0.1\bin\vcruntime140_1.dll
0x00007ffde2680000 - 0x00007ffde270d000 	C:\Users\myl86\.jdks\openjdk-17.0.1\bin\msvcp140.dll
0x00007ffdd0ca0000 - 0x00007ffdd185e000 	C:\Users\myl86\.jdks\openjdk-17.0.1\bin\server\jvm.dll
0x00007ffe103e0000 - 0x00007ffe1048c000 	C:\Windows\System32\ADVAPI32.dll
0x00007ffe11120000 - 0x00007ffe111bb000 	C:\Windows\System32\sechost.dll
0x00007ffe10ff0000 - 0x00007ffe1111a000 	C:\Windows\System32\RPCRT4.dll
0x00007ffe111c0000 - 0x00007ffe111c8000 	C:\Windows\System32\PSAPI.DLL
0x00007ffdeb1d0000 - 0x00007ffdeb1d9000 	C:\Windows\SYSTEM32\WSOCK32.dll
0x00007ffe11400000 - 0x00007ffe1146b000 	C:\Windows\System32\WS2_32.dll
0x00007ffdf8860000 - 0x00007ffdf8887000 	C:\Windows\SYSTEM32\WINMM.dll
0x00007ffe08030000 - 0x00007ffe0803a000 	C:\Windows\SYSTEM32\VERSION.dll
0x00007ffe0d610000 - 0x00007ffe0d622000 	C:\Windows\SYSTEM32\kernel.appcore.dll
0x00007ffdf13f0000 - 0x00007ffdf13fa000 	C:\Users\myl86\.jdks\openjdk-17.0.1\bin\jimage.dll
0x00007ffe0cd40000 - 0x00007ffe0cf24000 	C:\Windows\SYSTEM32\DBGHELP.DLL
0x00007ffdf7600000 - 0x00007ffdf762c000 	C:\Windows\SYSTEM32\dbgcore.DLL
0x00007ffe0fa70000 - 0x00007ffe0faf2000 	C:\Windows\System32\bcryptPrimitives.dll
0x00007ffdf2da0000 - 0x00007ffdf2dae000 	C:\Users\myl86\.jdks\openjdk-17.0.1\bin\instrument.dll
0x00007ffde6e90000 - 0x00007ffde6eb5000 	C:\Users\myl86\.jdks\openjdk-17.0.1\bin\java.dll

dbghelp: loaded successfully - version: 4.0.5 - missing functions: none
symbol engine: initialized successfully - sym options: 0x614 - pdb path: .;C:\Users\myl86\.jdks\openjdk-17.0.1\bin;C:\Windows\SYSTEM32;C:\Windows\WinSxS\amd64_microsoft.windows.common-controls_6595b64144ccf1df_6.0.19041.1110_none_60b5254171f9507e;C:\Users\myl86\.jdks\openjdk-17.0.1\bin\server

VM Arguments:
jvm_args: -Dmaven.multiModuleProjectDirectory=D:\work\Java\huihuacundang -Dmaven.home=D:\Program Files\JetBrains\IntelliJ IDEA 2021.3\plugins\maven\lib\maven3 -Dclassworlds.conf=D:\Program Files\JetBrains\IntelliJ IDEA 2021.3\plugins\maven\lib\maven3\bin\m2.conf -Dmaven.ext.class.path=D:\Program Files\JetBrains\IntelliJ IDEA 2021.3\plugins\maven\lib\maven-event-listener.jar -javaagent:D:\Program Files\JetBrains\IntelliJ IDEA 2021.3\lib\idea_rt.jar=49721:D:\Program Files\JetBrains\IntelliJ IDEA 2021.3\bin -Dfile.encoding=UTF-8 
java_command: org.codehaus.classworlds.Launcher -Didea.version=2021.3 --update-snapshots -Dmaven.repo.local=e:\Users\myl86\.m2\repository install
java_class_path (initial): D:\Program Files\JetBrains\IntelliJ IDEA 2021.3\plugins\maven\lib\maven3\boot\plexus-classworlds-2.6.0.jar;D:\Program Files\JetBrains\IntelliJ IDEA 2021.3\plugins\maven\lib\maven3\boot\plexus-classworlds.license
Launcher Type: SUN_STANDARD

[Global flags]
     intx CICompilerCount                          = 4                                         {product} {ergonomic}
     uint ConcGCThreads                            = 2                                         {product} {ergonomic}
     uint G1ConcRefinementThreads                  = 8                                         {product} {ergonomic}
   size_t G1HeapRegionSize                         = 2097152                                   {product} {ergonomic}
    uintx GCDrainStackTargetSize                   = 64                                        {product} {ergonomic}
   size_t InitialHeapSize                          = 264241152                                 {product} {ergonomic}
   size_t MarkStackSize                            = 4194304                                   {product} {ergonomic}
   size_t MaxHeapSize                              = 4223664128                                {product} {ergonomic}
   size_t MinHeapDeltaBytes                        = 2097152                                   {product} {ergonomic}
   size_t MinHeapSize                              = 8388608                                   {product} {ergonomic}
    uintx NonNMethodCodeHeapSize                   = 5839372                                {pd product} {ergonomic}
    uintx NonProfiledCodeHeapSize                  = 122909434                              {pd product} {ergonomic}
    uintx ProfiledCodeHeapSize                     = 122909434                              {pd product} {ergonomic}
    uintx ReservedCodeCacheSize                    = 251658240                              {pd product} {ergonomic}
     bool SegmentedCodeCache                       = true                                      {product} {ergonomic}
   size_t SoftMaxHeapSize                          = 4223664128                             {manageable} {ergonomic}
     bool UseCompressedClassPointers               = true                           {product lp64_product} {ergonomic}
     bool UseCompressedOops                        = true                           {product lp64_product} {ergonomic}
     bool UseG1GC                                  = true                                      {product} {ergonomic}
     bool UseLargePagesIndividualAllocation        = false                                  {pd product} {ergonomic}

Logging:
Log output configuration:
 #0: stdout all=warning uptime,level,tags
 #1: stderr all=off uptime,level,tags

Environment Variables:
JAVA_HOME=C:\Program Files\Eclipse Foundation\jdk1.8.0_311
CLASSPATH=.;C:\Program Files\Eclipse Foundation\jdk1.8.0_311\bin;C:\Program Files\Eclipse Foundation\jdk1.8.0_311\lib\dt.jar;C:\Program Files\Eclipse Foundation\jdk1.8.0_311\lib\tools.jar
PATH=C:\Program Files\Eclipse Foundation\jdk1.8.0_311;D:\Program Files (x86)\VMware\VMware Workstation\bin\;C:\Windows\system32;C:\Windows;C:\Windows\System32\Wbem;C:\Windows\System32\WindowsPowerShell\v1.0\;C:\Windows\System32\OpenSSH\;d:\Program Files\Microsoft VS Code\bin;C:\Program Files\Git\cmd;C:\Program Files\Eclipse Foundation\jdk1.8.0_311bin;E:\Tools\apache-maven-3.6.3\bin;C:\Program Files\Eclipse Foundation\jdk-11.0.12.7-hotspot\bin;C:\Program Files\Eclipse Foundation\jdk-17.0.0.35-hotspot\bin;C:\Program Files\dotnet\;C:\Program Files\Microsoft SQL Server\130\Tools\Binn\;C:\Program Files\Microsoft SQL Server\Client SDK\ODBC\170\Tools\Binn\;C:\Users\myl86\AppData\Local\Microsoft\WindowsApps;C:\Program Files\Bandizip\;C:\Users\myl86\AppData\Local\Programs\Fiddler;C:\Users\myl86\.dotnet\tools
USERNAME=myl86
OS=Windows_NT
PROCESSOR_IDENTIFIER=Intel64 Family 6 Model 140 Stepping 1, GenuineIntel



---------------  S Y S T E M  ---------------

OS:
 Windows 10 , 64 bit Build 19041 (10.0.19041.1348)
OS uptime: 7 days 1:05 hours

CPU: total 8 (initial active 8) (4 cores per cpu, 2 threads per core) family 6 model 140 stepping 1 microcode 0x86, cx8, cmov, fxsr, ht, mmx, 3dnowpref, sse, sse2, sse3, ssse3, sse4.1, sse4.2, popcnt, lzcnt, tsc, tscinvbit, avx, avx2, aes, erms, clmul, bmi1, bmi2, adx, avx512f, avx512dq, avx512cd, avx512bw, avx512vl, sha, fma, vzeroupper, avx512_vpopcntdq, avx512_vpclmulqdq, avx512_vaes, avx512_vnni, clflush, clflushopt, clwb, avx512_vbmi2, avx512_vbmi

Memory: 4k page, system-wide physical 16106M (3812M free)
TotalPageFile size 28879M (AvailPageFile size 224M)
current process WorkingSet (physical memory assigned to process): 10M, peak: 10M
current process commit charge ("private bytes"): 60M, peak: 312M

vm_info: OpenJDK 64-Bit Server VM (17.0.1+12-39) for windows-amd64 JRE (17.0.1+12-39), built on Sep 27 2021 18:39:29 by "mach5one" with MS VC++ 16.8 (VS2019)

END.
